<?xml version="1.0" encoding="UTF-8"?>
<robot generator="Robot 3.1.2 (Python 3.7.4 on win32)" generated="20191031 08:52:08.515" rpa="false">
<suite id="s1" name="Tests" source="C:\Users\amenuiya\Desktop\robot\web\tests">
<suite id="s1-s1" name="Web Tests" source="C:\Users\amenuiya\Desktop\robot\web\tests\web_tests.robot">
<kw name="Abrir navegador" library="common" type="setup">
<kw name="Open Browser" library="SeleniumLibrary">
<doc>Opens a new browser instance to the given ``url``.</doc>
<arguments>
<arg>about:blank</arg>
<arg>Chrome</arg>
</arguments>
<msg timestamp="20191031 08:52:08.969" level="INFO">Opening browser 'Chrome' to base url 'about:blank'.</msg>
<status status="PASS" starttime="20191031 08:52:08.968" endtime="20191031 08:52:11.606"></status>
</kw>
<status status="PASS" starttime="20191031 08:52:08.968" endtime="20191031 08:52:11.606"></status>
</kw>
<test id="s1-s1-t1" name="Cenário: Pesquisar por batman no google">
<kw name="Dado que o usuário esteja no site google" library="kw_web_tests">
<kw name="Go To" library="SeleniumLibrary">
<doc>Navigates the active browser instance to the provided ``url``.</doc>
<arguments>
<arg>http://www.google.com</arg>
</arguments>
<msg timestamp="20191031 08:52:11.610" level="INFO">Opening url 'http://www.google.com'</msg>
<status status="PASS" starttime="20191031 08:52:11.609" endtime="20191031 08:52:12.734"></status>
</kw>
<status status="PASS" starttime="20191031 08:52:11.609" endtime="20191031 08:52:12.734"></status>
</kw>
<kw name="Quando inserir o texto batman" library="kw_web_tests">
<kw name="Input Text" library="SeleniumLibrary">
<doc>Types the given ``text`` into text field identified by ``locator``.</doc>
<arguments>
<arg>name=q</arg>
<arg>batman</arg>
</arguments>
<msg timestamp="20191031 08:52:12.735" level="INFO">Typing text 'batman' into text field 'name=q'.</msg>
<status status="PASS" starttime="20191031 08:52:12.735" endtime="20191031 08:52:12.839"></status>
</kw>
<status status="PASS" starttime="20191031 08:52:12.735" endtime="20191031 08:52:12.839"></status>
</kw>
<kw name="E clicar no botão pesquisar" library="kw_web_tests">
<kw name="Wait Until Keyword Succeeds" library="BuiltIn">
<doc>Runs the specified keyword and retries if it fails.</doc>
<arguments>
<arg>2s</arg>
<arg>2s</arg>
<arg>Click Element</arg>
<arg>name=btnK</arg>
</arguments>
<kw name="Click Element" library="SeleniumLibrary">
<doc>Click element identified by ``locator``.</doc>
<arguments>
<arg>name=btnK</arg>
</arguments>
<msg timestamp="20191031 08:52:12.842" level="INFO">Clicking element 'name=btnK'.</msg>
<kw name="Capture Page Screenshot" library="SeleniumLibrary">
<doc>Takes screenshot of the current page and embeds it into log file.</doc>
<msg timestamp="20191031 08:52:13.247" level="INFO" html="yes">&lt;/td&gt;&lt;/tr&gt;&lt;tr&gt;&lt;td colspan="3"&gt;&lt;a href="selenium-screenshot-6.png"&gt;&lt;img src="selenium-screenshot-6.png" width="800px"&gt;&lt;/a&gt;</msg>
<status status="PASS" starttime="20191031 08:52:12.879" endtime="20191031 08:52:13.247"></status>
</kw>
<msg timestamp="20191031 08:52:13.366" level="FAIL">ElementNotInteractableException: Message: element not interactable
  (Session info: chrome=77.0.3865.120)
</msg>
<status status="FAIL" starttime="20191031 08:52:12.841" endtime="20191031 08:52:13.366"></status>
</kw>
<kw name="Click Element" library="SeleniumLibrary">
<doc>Click element identified by ``locator``.</doc>
<arguments>
<arg>name=btnK</arg>
</arguments>
<msg timestamp="20191031 08:52:15.370" level="INFO">Clicking element 'name=btnK'.</msg>
<status status="PASS" starttime="20191031 08:52:15.370" endtime="20191031 08:52:17.560"></status>
</kw>
<status status="PASS" starttime="20191031 08:52:12.841" endtime="20191031 08:52:17.560"></status>
</kw>
<status status="PASS" starttime="20191031 08:52:12.840" endtime="20191031 08:52:17.560"></status>
</kw>
<kw name="Então o google retorna os resultados para batman" library="kw_web_tests">
<kw name="Debug" library="DebugLibrary">
<doc>Open a interactive shell, run any RobotFramework keywords.</doc>
<status status="PASS" starttime="20191031 08:52:17.560" endtime="20191031 08:52:30.380"></status>
</kw>
<kw name="Page Should Contain" library="SeleniumLibrary">
<doc>Verifies that current page contains ``text``.</doc>
<arguments>
<arg>Batman – Wikipédia, a enciclopédia livre</arg>
</arguments>
<msg timestamp="20191031 08:52:30.421" level="INFO">Current page contains text 'Batman – Wikipédia, a enciclopédia livre'.</msg>
<status status="PASS" starttime="20191031 08:52:30.380" endtime="20191031 08:52:30.421"></status>
</kw>
<status status="PASS" starttime="20191031 08:52:17.560" endtime="20191031 08:52:30.421"></status>
</kw>
<tags>
<tag>Batman</tag>
<tag>pamonha</tag>
</tags>
<status status="PASS" starttime="20191031 08:52:11.606" endtime="20191031 08:52:30.422" critical="yes"></status>
</test>
<kw name="Fechar navegador" library="common" type="teardown">
<kw name="Close Browser" library="SeleniumLibrary">
<doc>Closes the current browser.</doc>
<status status="PASS" starttime="20191031 08:52:30.424" endtime="20191031 08:52:32.583"></status>
</kw>
<status status="PASS" starttime="20191031 08:52:30.424" endtime="20191031 08:52:32.584"></status>
</kw>
<status status="PASS" starttime="20191031 08:52:08.549" endtime="20191031 08:52:32.584"></status>
</suite>
<status status="PASS" starttime="20191031 08:52:08.517" endtime="20191031 08:52:32.595"></status>
</suite>
<statistics>
<total>
<stat pass="1" fail="0">Critical Tests</stat>
<stat pass="1" fail="0">All Tests</stat>
</total>
<tag>
<stat pass="1" fail="0">Batman</stat>
<stat pass="1" fail="0">pamonha</stat>
</tag>
<suite>
<stat pass="1" fail="0" id="s1" name="Tests">Tests</stat>
<stat pass="1" fail="0" id="s1-s1" name="Web Tests">Tests.Web Tests</stat>
</suite>
</statistics>
<errors>
</errors>
</robot>
